# JRE version: OpenJDK Runtime Environment (15.0.2+7) (build 15.0.2+7-27)
# Java VM: OpenJDK 64-Bit Server VM (15.0.2+7-27, mixed mode, sharing, tiered, compressed oops, g1 gc, windows-amd64)
GC Precious Log:
 CPUs: 4 total, 4 available
 Memory: 4036M
 Large Page Support: Disabled
 NUMA Support: Disabled
 Compressed Oops: Enabled (32-bit)
 Heap Region Size: 1M
 Heap Min Capacity: 8M
 Heap Initial Capacity: 64M
 Heap Max Capacity: 1010M
 Pre-touch: Disabled
 Parallel Workers: 4
 Concurrent Workers: 1
 Concurrent Refinement Workers: 4
 Periodic GC: Disabled
Heap:
 garbage-first heap   total 54272K, used 14191K [0x00000000c0e00000, 0x0000000100000000)
  region size 1024K, 2 young (2048K), 2 survivors (2048K)
 Metaspace       used 26763K, capacity 27259K, committed 27520K, reserved 1073152K
  class space    used 3469K, capacity 3629K, committed 3712K, reserved 1048576K
GC Heap History (13 events):
Event: 1.833 GC heap before
{Heap before GC invocations=0 (full 0):
 garbage-first heap   total 65536K, used 12288K [0x00000000c0e00000, 0x0000000100000000)
  region size 1024K, 13 young (13312K), 0 survivors (0K)
 Metaspace       used 5899K, capacity 6063K, committed 6144K, reserved 1056768K
  class space    used 685K, capacity 736K, committed 768K, reserved 1048576K
}
Event: 1.847 GC heap after
{Heap after GC invocations=1 (full 0):
 garbage-first heap   total 65536K, used 4557K [0x00000000c0e00000, 0x0000000100000000)
  region size 1024K, 2 young (2048K), 2 survivors (2048K)
 Metaspace       used 5899K, capacity 6063K, committed 6144K, reserved 1056768K
  class space    used 685K, capacity 736K, committed 768K, reserved 1048576K
}
Event: 2.115 GC heap before
{Heap before GC invocations=1 (full 0):
 garbage-first heap   total 65536K, used 9677K [0x00000000c0e00000, 0x0000000100000000)
  region size 1024K, 8 young (8192K), 2 survivors (2048K)
 Metaspace       used 6957K, capacity 7178K, committed 7296K, reserved 1056768K
  class space    used 820K, capacity 873K, committed 896K, reserved 1048576K
}
Event: 2.122 GC heap after
{Heap after GC invocations=2 (full 0):
 garbage-first heap   total 65536K, used 5089K [0x00000000c0e00000, 0x0000000100000000)
  region size 1024K, 1 young (1024K), 1 survivors (1024K)
 Metaspace       used 6957K, capacity 7178K, committed 7296K, reserved 1056768K
  class space    used 820K, capacity 873K, committed 896K, reserved 1048576K
}
Event: 3.381 GC heap before
{Heap before GC invocations=2 (full 0):
 garbage-first heap   total 65536K, used 26593K [0x00000000c0e00000, 0x0000000100000000)
  region size 1024K, 23 young (23552K), 1 survivors (1024K)
 Metaspace       used 11958K, capacity 12214K, committed 12416K, reserved 1060864K
  class space    used 1525K, capacity 1609K, committed 1664K, reserved 1048576K
}
Event: 3.390 GC heap after
{Heap after GC invocations=3 (full 0):
 garbage-first heap   total 65536K, used 6609K [0x00000000c0e00000, 0x0000000100000000)
  region size 1024K, 2 young (2048K), 2 survivors (2048K)
 Metaspace       used 11958K, capacity 12214K, committed 12416K, reserved 1060864K
  class space    used 1525K, capacity 1609K, committed 1664K, reserved 1048576K
}
Event: 5.330 GC heap before
{Heap before GC invocations=3 (full 0):
 garbage-first heap   total 65536K, used 42449K [0x00000000c0e00000, 0x0000000100000000)
  region size 1024K, 38 young (38912K), 2 survivors (2048K)
 Metaspace       used 17073K, capacity 17386K, committed 17536K, reserved 1064960K
  class space    used 2228K, capacity 2321K, committed 2432K, reserved 1048576K
}
Event: 5.339 GC heap after
{Heap after GC invocations=4 (full 0):
 garbage-first heap   total 65536K, used 8788K [0x00000000c0e00000, 0x0000000100000000)
  region size 1024K, 4 young (4096K), 4 survivors (4096K)
 Metaspace       used 17073K, capacity 17386K, committed 17536K, reserved 1064960K
  class space    used 2228K, capacity 2321K, committed 2432K, reserved 1048576K
}
Event: 6.233 GC heap before
{Heap before GC invocations=4 (full 0):
 garbage-first heap   total 65536K, used 30292K [0x00000000c0e00000, 0x0000000100000000)
  region size 1024K, 27 young (27648K), 4 survivors (4096K)
 Metaspace       used 20939K, capacity 21219K, committed 21248K, reserved 1067008K
  class space    used 2700K, capacity 2807K, committed 2816K, reserved 1048576K
}
Event: 6.243 GC heap after
{Heap after GC invocations=5 (full 0):
 garbage-first heap   total 65536K, used 10582K [0x00000000c0e00000, 0x0000000100000000)
  region size 1024K, 4 young (4096K), 4 survivors (4096K)
 Metaspace       used 20939K, capacity 21219K, committed 21248K, reserved 1067008K
  class space    used 2700K, capacity 2807K, committed 2816K, reserved 1048576K
}
Event: 7.100 GC heap before
{Heap before GC invocations=6 (full 0):
 garbage-first heap   total 45056K, used 33110K [0x00000000c0e00000, 0x0000000100000000)
  region size 1024K, 26 young (26624K), 4 survivors (4096K)
 Metaspace       used 24302K, capacity 24737K, committed 24960K, reserved 1071104K
  class space    used 3175K, capacity 3338K, committed 3456K, reserved 1048576K
}
Event: 7.112 GC heap after
{Heap after GC invocations=7 (full 0):
 garbage-first heap   total 45056K, used 12630K [0x00000000c0e00000, 0x0000000100000000)
  region size 1024K, 4 young (4096K), 4 survivors (4096K)
 Metaspace       used 24302K, capacity 24737K, committed 24960K, reserved 1071104K
  class space    used 3175K, capacity 3338K, committed 3456K, reserved 1048576K
}
Event: 8.041 GC heap before
{Heap before GC invocations=7 (full 0):
 garbage-first heap   total 45056K, used 32086K [0x00000000c0e00000, 0x0000000100000000)
  region size 1024K, 23 young (23552K), 4 survivors (4096K)
 Metaspace       used 26763K, capacity 27259K, committed 27520K, reserved 1073152K
  class space    used 3469K, capacity 3629K, committed 3712K, reserved 1048576K
}

